Info: Starting: Create block symbol file (.bsf)
Info: qsys-generate D:\Tech\e-YSIP\robot_design_using_FPGA\Matrix_multiplication\matrix_mul.qsys --block-symbol-file --output-directory=D:\Tech\e-YSIP\robot_design_using_FPGA\Matrix_multiplication\matrix_mul --family="Cyclone IV E" --part=EP4CE22F17C6
Progress: Loading Matrix_multiplication/matrix_mul.qsys
Progress: Reading input file
Progress: Adding clk_0 [clock_source 18.1]
Progress: Parameterizing module clk_0
Progress: Adding nios2_gen2_0 [altera_nios2_gen2 18.1]
Progress: Parameterizing module nios2_gen2_0
Progress: Adding onchip_memory2_0 [altera_avalon_onchip_memory2 18.1]
Progress: Parameterizing module onchip_memory2_0
Progress: Adding uart_0 [altera_avalon_uart 18.1]
Progress: Parameterizing module uart_0
Progress: Building connections
Progress: Parameterizing connections
Progress: Validating
Progress: Done reading input file
Warning: matrix_mul.uart_0: uart_0.external_connection must be exported, or connected to a matching conduit.
Info: qsys-generate succeeded.
Info: Finished: Create block symbol file (.bsf)
Info: 
Info: Starting: Create HDL design files for synthesis
Info: qsys-generate D:\Tech\e-YSIP\robot_design_using_FPGA\Matrix_multiplication\matrix_mul.qsys --synthesis=VERILOG --output-directory=D:\Tech\e-YSIP\robot_design_using_FPGA\Matrix_multiplication\matrix_mul\synthesis --family="Cyclone IV E" --part=EP4CE22F17C6
Progress: Loading Matrix_multiplication/matrix_mul.qsys
Progress: Reading input file
Progress: Adding clk_0 [clock_source 18.1]
Progress: Parameterizing module clk_0
Progress: Adding nios2_gen2_0 [altera_nios2_gen2 18.1]
Progress: Parameterizing module nios2_gen2_0
Progress: Adding onchip_memory2_0 [altera_avalon_onchip_memory2 18.1]
Progress: Parameterizing module onchip_memory2_0
Progress: Adding uart_0 [altera_avalon_uart 18.1]
Progress: Parameterizing module uart_0
Progress: Building connections
Progress: Parameterizing connections
Progress: Validating
Progress: Done reading input file
Warning: matrix_mul.uart_0: uart_0.external_connection must be exported, or connected to a matching conduit.
Info: matrix_mul: Generating matrix_mul "matrix_mul" for QUARTUS_SYNTH
Info: nios2_gen2_0: "matrix_mul" instantiated altera_nios2_gen2 "nios2_gen2_0"
Info: onchip_memory2_0: Starting RTL generation for module 'matrix_mul_onchip_memory2_0'
Info: onchip_memory2_0:   Generation command is [exec C:/intelfpga_lite/18.1/quartus/bin64/perl/bin/perl.exe -I C:/intelfpga_lite/18.1/quartus/bin64/perl/lib -I C:/intelfpga_lite/18.1/quartus/sopc_builder/bin/europa -I C:/intelfpga_lite/18.1/quartus/sopc_builder/bin/perl_lib -I C:/intelfpga_lite/18.1/quartus/sopc_builder/bin -I C:/intelfpga_lite/18.1/quartus/../ip/altera/sopc_builder_ip/common -I C:/intelfpga_lite/18.1/quartus/../ip/altera/sopc_builder_ip/altera_avalon_onchip_memory2 -- C:/intelfpga_lite/18.1/quartus/../ip/altera/sopc_builder_ip/altera_avalon_onchip_memory2/generate_rtl.pl --name=matrix_mul_onchip_memory2_0 --dir=C:/Users/Karthik/AppData/Local/Temp/alt8045_4304060753669646554.dir/0002_onchip_memory2_0_gen/ --quartus_dir=C:/intelfpga_lite/18.1/quartus --verilog --config=C:/Users/Karthik/AppData/Local/Temp/alt8045_4304060753669646554.dir/0002_onchip_memory2_0_gen//matrix_mul_onchip_memory2_0_component_configuration.pl  --do_build_sim=0  ]
Info: onchip_memory2_0: Done RTL generation for module 'matrix_mul_onchip_memory2_0'
Info: onchip_memory2_0: "matrix_mul" instantiated altera_avalon_onchip_memory2 "onchip_memory2_0"
Info: uart_0: Starting RTL generation for module 'matrix_mul_uart_0'
Info: uart_0:   Generation command is [exec C:/intelfpga_lite/18.1/quartus/bin64/perl/bin/perl.exe -I C:/intelfpga_lite/18.1/quartus/bin64/perl/lib -I C:/intelfpga_lite/18.1/quartus/sopc_builder/bin/europa -I C:/intelfpga_lite/18.1/quartus/sopc_builder/bin/perl_lib -I C:/intelfpga_lite/18.1/quartus/sopc_builder/bin -I C:/intelfpga_lite/18.1/quartus/../ip/altera/sopc_builder_ip/common -I C:/intelfpga_lite/18.1/quartus/../ip/altera/sopc_builder_ip/altera_avalon_uart -- C:/intelfpga_lite/18.1/quartus/../ip/altera/sopc_builder_ip/altera_avalon_uart/generate_rtl.pl --name=matrix_mul_uart_0 --dir=C:/Users/Karthik/AppData/Local/Temp/alt8045_4304060753669646554.dir/0003_uart_0_gen/ --quartus_dir=C:/intelfpga_lite/18.1/quartus --verilog --config=C:/Users/Karthik/AppData/Local/Temp/alt8045_4304060753669646554.dir/0003_uart_0_gen//matrix_mul_uart_0_component_configuration.pl  --do_build_sim=0  ]
Info: uart_0: Done RTL generation for module 'matrix_mul_uart_0'
Info: uart_0: "matrix_mul" instantiated altera_avalon_uart "uart_0"
Info: avalon_st_adapter: Inserting error_adapter: error_adapter_0
Info: avalon_st_adapter_001: Inserting error_adapter: error_adapter_0
Info: avalon_st_adapter_002: Inserting error_adapter: error_adapter_0
Info: mm_interconnect_0: "matrix_mul" instantiated altera_mm_interconnect "mm_interconnect_0"
Info: irq_mapper: "matrix_mul" instantiated altera_irq_mapper "irq_mapper"
Info: rst_controller: "matrix_mul" instantiated altera_reset_controller "rst_controller"
Info: cpu: Starting RTL generation for module 'matrix_mul_nios2_gen2_0_cpu'
Info: cpu:   Generation command is [exec C:/intelFPGA_lite/18.1/quartus/bin64//eperlcmd.exe -I C:/intelFPGA_lite/18.1/quartus/bin64//perl/lib -I C:/intelfpga_lite/18.1/quartus/sopc_builder/bin/europa -I C:/intelfpga_lite/18.1/quartus/sopc_builder/bin/perl_lib -I C:/intelfpga_lite/18.1/quartus/sopc_builder/bin -I C:/intelfpga_lite/18.1/quartus/../ip/altera/nios2_ip/altera_nios2_gen2/cpu_lib -I C:/intelfpga_lite/18.1/quartus/../ip/altera/nios2_ip/altera_nios2_gen2/nios_lib -I C:/intelfpga_lite/18.1/quartus/../ip/altera/nios2_ip/altera_nios2_gen2 -I C:/intelfpga_lite/18.1/quartus/../ip/altera/nios2_ip/altera_nios2_gen2 -- C:/intelfpga_lite/18.1/quartus/../ip/altera/nios2_ip/altera_nios2_gen2/generate_rtl.epl --name=matrix_mul_nios2_gen2_0_cpu --dir=C:/Users/Karthik/AppData/Local/Temp/alt8045_4304060753669646554.dir/0006_cpu_gen/ --quartus_bindir=C:/intelFPGA_lite/18.1/quartus/bin64/ --verilog --config=C:/Users/Karthik/AppData/Local/Temp/alt8045_4304060753669646554.dir/0006_cpu_gen//matrix_mul_nios2_gen2_0_cpu_processor_configuration.pl  --do_build_sim=0  ]
Info: cpu: # 2019.05.29 11:01:34 (*) Starting Nios II generation
Info: cpu: # 2019.05.29 11:01:34 (*)   Checking for plaintext license.
Info: cpu: # 2019.05.29 11:01:34 (*)   Couldn't query license setup in Quartus directory C:/intelFPGA_lite/18.1/quartus/bin64/
Info: cpu: # 2019.05.29 11:01:34 (*)   Defaulting to contents of LM_LICENSE_FILE environment variable
Info: cpu: # 2019.05.29 11:01:34 (*)   LM_LICENSE_FILE environment variable is empty
Info: cpu: # 2019.05.29 11:01:34 (*)   Plaintext license not found.
Info: cpu: # 2019.05.29 11:01:34 (*)   No license required to generate encrypted Nios II/e.
Info: cpu: # 2019.05.29 11:01:34 (*)   Elaborating CPU configuration settings
Info: cpu: # 2019.05.29 11:01:34 (*)   Creating all objects for CPU
Info: cpu: # 2019.05.29 11:01:35 (*)   Generating RTL from CPU objects
Info: cpu: # 2019.05.29 11:01:35 (*)   Creating plain-text RTL
Info: cpu: # 2019.05.29 11:01:36 (*) Done Nios II generation
Info: cpu: Done RTL generation for module 'matrix_mul_nios2_gen2_0_cpu'
Info: cpu: "nios2_gen2_0" instantiated altera_nios2_gen2_unit "cpu"
Info: nios2_gen2_0_data_master_translator: "mm_interconnect_0" instantiated altera_merlin_master_translator "nios2_gen2_0_data_master_translator"
Info: nios2_gen2_0_debug_mem_slave_translator: "mm_interconnect_0" instantiated altera_merlin_slave_translator "nios2_gen2_0_debug_mem_slave_translator"
Info: nios2_gen2_0_data_master_agent: "mm_interconnect_0" instantiated altera_merlin_master_agent "nios2_gen2_0_data_master_agent"
Info: nios2_gen2_0_debug_mem_slave_agent: "mm_interconnect_0" instantiated altera_merlin_slave_agent "nios2_gen2_0_debug_mem_slave_agent"
Info: nios2_gen2_0_debug_mem_slave_agent_rsp_fifo: "mm_interconnect_0" instantiated altera_avalon_sc_fifo "nios2_gen2_0_debug_mem_slave_agent_rsp_fifo"
Info: router: "mm_interconnect_0" instantiated altera_merlin_router "router"
Info: router_001: "mm_interconnect_0" instantiated altera_merlin_router "router_001"
Info: router_002: "mm_interconnect_0" instantiated altera_merlin_router "router_002"
Info: router_003: "mm_interconnect_0" instantiated altera_merlin_router "router_003"
Info: cmd_demux: "mm_interconnect_0" instantiated altera_merlin_demultiplexer "cmd_demux"
Info: cmd_demux_001: "mm_interconnect_0" instantiated altera_merlin_demultiplexer "cmd_demux_001"
Info: cmd_mux: "mm_interconnect_0" instantiated altera_merlin_multiplexer "cmd_mux"
Info: cmd_mux_001: "mm_interconnect_0" instantiated altera_merlin_multiplexer "cmd_mux_001"
Info: Reusing file D:/Tech/e-YSIP/robot_design_using_FPGA/Matrix_multiplication/matrix_mul/synthesis/submodules/altera_merlin_arbitrator.sv
Info: rsp_demux_001: "mm_interconnect_0" instantiated altera_merlin_demultiplexer "rsp_demux_001"
Info: rsp_mux: "mm_interconnect_0" instantiated altera_merlin_multiplexer "rsp_mux"
Info: Reusing file D:/Tech/e-YSIP/robot_design_using_FPGA/Matrix_multiplication/matrix_mul/synthesis/submodules/altera_merlin_arbitrator.sv
Info: rsp_mux_001: "mm_interconnect_0" instantiated altera_merlin_multiplexer "rsp_mux_001"
Info: Reusing file D:/Tech/e-YSIP/robot_design_using_FPGA/Matrix_multiplication/matrix_mul/synthesis/submodules/altera_merlin_arbitrator.sv
Info: avalon_st_adapter: "mm_interconnect_0" instantiated altera_avalon_st_adapter "avalon_st_adapter"
Info: error_adapter_0: "avalon_st_adapter" instantiated error_adapter "error_adapter_0"
Info: matrix_mul: Done "matrix_mul" with 26 modules, 39 files
Info: qsys-generate succeeded.
Info: Finished: Create HDL design files for synthesis
