Analysis & Synthesis report for Motion_Control_with_L298N
Tue Jun 25 16:02:01 2019
Quartus Prime Version 18.1.0 Build 625 09/12/2018 SJ Lite Edition


---------------------
; Table of Contents ;
---------------------
  1. Legal Notice
  2. Analysis & Synthesis Summary
  3. Analysis & Synthesis Settings
  4. Parallel Compilation
  5. Analysis & Synthesis Source Files Read
  6. Analysis & Synthesis Resource Usage Summary
  7. Analysis & Synthesis Resource Utilization by Entity
  8. User-Specified and Inferred Latches
  9. General Register Statistics
 10. Post-Synthesis Netlist Statistics for Top Partition
 11. Elapsed Time Per Partition
 12. Analysis & Synthesis Messages



----------------
; Legal Notice ;
----------------
Copyright (C) 2018  Intel Corporation. All rights reserved.
Your use of Intel Corporation's design tools, logic functions 
and other software and tools, and its AMPP partner logic 
functions, and any output files from any of the foregoing 
(including device programming or simulation files), and any 
associated documentation or information are expressly subject 
to the terms and conditions of the Intel Program License 
Subscription Agreement, the Intel Quartus Prime License Agreement,
the Intel FPGA IP License Agreement, or other applicable license
agreement, including, without limitation, that your use is for
the sole purpose of programming logic devices manufactured by
Intel and sold by Intel or its authorized distributors.  Please
refer to the applicable agreement for further details.



+----------------------------------------------------------------------------------+
; Analysis & Synthesis Summary                                                     ;
+------------------------------------+---------------------------------------------+
; Analysis & Synthesis Status        ; Successful - Tue Jun 25 16:02:01 2019       ;
; Quartus Prime Version              ; 18.1.0 Build 625 09/12/2018 SJ Lite Edition ;
; Revision Name                      ; Motion_Control_with_L298N                   ;
; Top-level Entity Name              ; Motion_Control_with_L298N                   ;
; Family                             ; Cyclone IV E                                ;
; Total logic elements               ; 7                                           ;
;     Total combinational functions  ; 7                                           ;
;     Dedicated logic registers      ; 0                                           ;
; Total registers                    ; 0                                           ;
; Total pins                         ; 11                                          ;
; Total virtual pins                 ; 0                                           ;
; Total memory bits                  ; 0                                           ;
; Embedded Multiplier 9-bit elements ; 0                                           ;
; Total PLLs                         ; 0                                           ;
+------------------------------------+---------------------------------------------+


+--------------------------------------------------------------------------------------------------------------------------+
; Analysis & Synthesis Settings                                                                                            ;
+------------------------------------------------------------------+---------------------------+---------------------------+
; Option                                                           ; Setting                   ; Default Value             ;
+------------------------------------------------------------------+---------------------------+---------------------------+
; Device                                                           ; EP4CE22F17C6              ;                           ;
; Top-level entity name                                            ; Motion_Control_with_L298N ; Motion_Control_with_L298N ;
; Family name                                                      ; Cyclone IV E              ; Cyclone V                 ;
; Use smart compilation                                            ; Off                       ; Off                       ;
; Enable parallel Assembler and Timing Analyzer during compilation ; On                        ; On                        ;
; Enable compact report table                                      ; Off                       ; Off                       ;
; Restructure Multiplexers                                         ; Auto                      ; Auto                      ;
; Create Debugging Nodes for IP Cores                              ; Off                       ; Off                       ;
; Preserve fewer node names                                        ; On                        ; On                        ;
; Intel FPGA IP Evaluation Mode                                    ; Enable                    ; Enable                    ;
; Verilog Version                                                  ; Verilog_2001              ; Verilog_2001              ;
; VHDL Version                                                     ; VHDL_1993                 ; VHDL_1993                 ;
; State Machine Processing                                         ; Auto                      ; Auto                      ;
; Safe State Machine                                               ; Off                       ; Off                       ;
; Extract Verilog State Machines                                   ; On                        ; On                        ;
; Extract VHDL State Machines                                      ; On                        ; On                        ;
; Ignore Verilog initial constructs                                ; Off                       ; Off                       ;
; Iteration limit for constant Verilog loops                       ; 5000                      ; 5000                      ;
; Iteration limit for non-constant Verilog loops                   ; 250                       ; 250                       ;
; Add Pass-Through Logic to Inferred RAMs                          ; On                        ; On                        ;
; Infer RAMs from Raw Logic                                        ; On                        ; On                        ;
; Parallel Synthesis                                               ; On                        ; On                        ;
; DSP Block Balancing                                              ; Auto                      ; Auto                      ;
; NOT Gate Push-Back                                               ; On                        ; On                        ;
; Power-Up Don't Care                                              ; On                        ; On                        ;
; Remove Redundant Logic Cells                                     ; Off                       ; Off                       ;
; Remove Duplicate Registers                                       ; On                        ; On                        ;
; Ignore CARRY Buffers                                             ; Off                       ; Off                       ;
; Ignore CASCADE Buffers                                           ; Off                       ; Off                       ;
; Ignore GLOBAL Buffers                                            ; Off                       ; Off                       ;
; Ignore ROW GLOBAL Buffers                                        ; Off                       ; Off                       ;
; Ignore LCELL Buffers                                             ; Off                       ; Off                       ;
; Ignore SOFT Buffers                                              ; On                        ; On                        ;
; Limit AHDL Integers to 32 Bits                                   ; Off                       ; Off                       ;
; Optimization Technique                                           ; Balanced                  ; Balanced                  ;
; Carry Chain Length                                               ; 70                        ; 70                        ;
; Auto Carry Chains                                                ; On                        ; On                        ;
; Auto Open-Drain Pins                                             ; On                        ; On                        ;
; Perform WYSIWYG Primitive Resynthesis                            ; Off                       ; Off                       ;
; Auto ROM Replacement                                             ; On                        ; On                        ;
; Auto RAM Replacement                                             ; On                        ; On                        ;
; Auto DSP Block Replacement                                       ; On                        ; On                        ;
; Auto Shift Register Replacement                                  ; Auto                      ; Auto                      ;
; Allow Shift Register Merging across Hierarchies                  ; Auto                      ; Auto                      ;
; Auto Clock Enable Replacement                                    ; On                        ; On                        ;
; Strict RAM Replacement                                           ; Off                       ; Off                       ;
; Allow Synchronous Control Signals                                ; On                        ; On                        ;
; Force Use of Synchronous Clear Signals                           ; Off                       ; Off                       ;
; Auto RAM Block Balancing                                         ; On                        ; On                        ;
; Auto RAM to Logic Cell Conversion                                ; Off                       ; Off                       ;
; Auto Resource Sharing                                            ; Off                       ; Off                       ;
; Allow Any RAM Size For Recognition                               ; Off                       ; Off                       ;
; Allow Any ROM Size For Recognition                               ; Off                       ; Off                       ;
; Allow Any Shift Register Size For Recognition                    ; Off                       ; Off                       ;
; Use LogicLock Constraints during Resource Balancing              ; On                        ; On                        ;
; Ignore translate_off and synthesis_off directives                ; Off                       ; Off                       ;
; Timing-Driven Synthesis                                          ; On                        ; On                        ;
; Report Parameter Settings                                        ; On                        ; On                        ;
; Report Source Assignments                                        ; On                        ; On                        ;
; Report Connectivity Checks                                       ; On                        ; On                        ;
; Ignore Maximum Fan-Out Assignments                               ; Off                       ; Off                       ;
; Synchronization Register Chain Length                            ; 2                         ; 2                         ;
; Power Optimization During Synthesis                              ; Normal compilation        ; Normal compilation        ;
; HDL message level                                                ; Level2                    ; Level2                    ;
; Suppress Register Optimization Related Messages                  ; Off                       ; Off                       ;
; Number of Removed Registers Reported in Synthesis Report         ; 5000                      ; 5000                      ;
; Number of Swept Nodes Reported in Synthesis Report               ; 5000                      ; 5000                      ;
; Number of Inverted Registers Reported in Synthesis Report        ; 100                       ; 100                       ;
; Clock MUX Protection                                             ; On                        ; On                        ;
; Auto Gated Clock Conversion                                      ; Off                       ; Off                       ;
; Block Design Naming                                              ; Auto                      ; Auto                      ;
; SDC constraint protection                                        ; Off                       ; Off                       ;
; Synthesis Effort                                                 ; Auto                      ; Auto                      ;
; Shift Register Replacement - Allow Asynchronous Clear Signal     ; On                        ; On                        ;
; Pre-Mapping Resynthesis Optimization                             ; Off                       ; Off                       ;
; Analysis & Synthesis Message Level                               ; Medium                    ; Medium                    ;
; Disable Register Merging Across Hierarchies                      ; Auto                      ; Auto                      ;
; Resource Aware Inference For Block RAM                           ; On                        ; On                        ;
+------------------------------------------------------------------+---------------------------+---------------------------+


+------------------------------------------+
; Parallel Compilation                     ;
+----------------------------+-------------+
; Processors                 ; Number      ;
+----------------------------+-------------+
; Number detected on machine ; 4           ;
; Maximum allowed            ; 2           ;
;                            ;             ;
; Average used               ; 1.00        ;
; Maximum used               ; 2           ;
;                            ;             ;
; Usage by Processor         ; % Time Used ;
;     Processor 1            ; 100.0%      ;
;     Processor 2            ;   0.0%      ;
+----------------------------+-------------+


+------------------------------------------------------------------------------------------------------------------------------------------------------------------------------------------------------------------------+
; Analysis & Synthesis Source Files Read                                                                                                                                                                                 ;
+----------------------------------+-----------------+------------------------------+--------------------------------------------------------------------------------------------------------------------------+---------+
; File Name with User-Entered Path ; Used in Netlist ; File Type                    ; File Name with Absolute Path                                                                                             ; Library ;
+----------------------------------+-----------------+------------------------------+--------------------------------------------------------------------------------------------------------------------------+---------+
; motion_control_with_l298n.v      ; yes             ; Auto-Found Verilog HDL File  ; C:/Users/JASUS/Music/eYSIP/Fire Bird V DE0-Nano/Experiments/FPGA/5_Motion_Control_with_L298N/motion_control_with_l298n.v ;         ;
+----------------------------------+-----------------+------------------------------+--------------------------------------------------------------------------------------------------------------------------+---------+


+------------------------------------------------------+
; Analysis & Synthesis Resource Usage Summary          ;
+---------------------------------------------+--------+
; Resource                                    ; Usage  ;
+---------------------------------------------+--------+
; Estimated Total logic elements              ; 7      ;
;                                             ;        ;
; Total combinational functions               ; 7      ;
; Logic element usage by number of LUT inputs ;        ;
;     -- 4 input functions                    ; 0      ;
;     -- 3 input functions                    ; 7      ;
;     -- <=2 input functions                  ; 0      ;
;                                             ;        ;
; Logic elements by mode                      ;        ;
;     -- normal mode                          ; 7      ;
;     -- arithmetic mode                      ; 0      ;
;                                             ;        ;
; Total registers                             ; 0      ;
;     -- Dedicated logic registers            ; 0      ;
;     -- I/O registers                        ; 0      ;
;                                             ;        ;
; I/O pins                                    ; 11     ;
;                                             ;        ;
; Embedded Multiplier 9-bit elements          ; 0      ;
;                                             ;        ;
; Maximum fan-out node                        ; Mux4~0 ;
; Maximum fan-out                             ; 4      ;
; Total fan-out                               ; 36     ;
; Average fan-out                             ; 1.24   ;
+---------------------------------------------+--------+


+-------------------------------------------------------------------------------------------------------------------------------------------------------------------------------------------------------------------------------+
; Analysis & Synthesis Resource Utilization by Entity                                                                                                                                                                           ;
+----------------------------+---------------------+---------------------------+-------------+--------------+---------+-----------+------+--------------+----------------------------+---------------------------+--------------+
; Compilation Hierarchy Node ; Combinational ALUTs ; Dedicated Logic Registers ; Memory Bits ; DSP Elements ; DSP 9x9 ; DSP 18x18 ; Pins ; Virtual Pins ; Full Hierarchy Name        ; Entity Name               ; Library Name ;
+----------------------------+---------------------+---------------------------+-------------+--------------+---------+-----------+------+--------------+----------------------------+---------------------------+--------------+
; |Motion_Control_with_L298N ; 7 (7)               ; 0 (0)                     ; 0           ; 0            ; 0       ; 0         ; 11   ; 0            ; |Motion_Control_with_L298N ; Motion_Control_with_L298N ; work         ;
+----------------------------+---------------------+---------------------------+-------------+--------------+---------+-----------+------+--------------+----------------------------+---------------------------+--------------+
Note: For table entries with two numbers listed, the numbers in parentheses indicate the number of resources of the given type used by the specific entity alone. The numbers listed outside of parentheses indicate the total resources of the given type used by the specific entity and all of its sub-entities in the hierarchy.


+---------------------------------------------------------------------------------------------------+
; User-Specified and Inferred Latches                                                               ;
+----------------------------------------------------+---------------------+------------------------+
; Latch Name                                         ; Latch Enable Signal ; Free of Timing Hazards ;
+----------------------------------------------------+---------------------+------------------------+
; motor_left_forward$latch                           ; Mux4                ; yes                    ;
; motor_left_backward$latch                          ; Mux4                ; yes                    ;
; motor_right_forward$latch                          ; Mux4                ; yes                    ;
; motor_right_backward$latch                         ; Mux4                ; yes                    ;
; Number of user-specified and inferred latches = 4  ;                     ;                        ;
+----------------------------------------------------+---------------------+------------------------+
Note: All latches listed above may not be present at the end of synthesis due to various synthesis optimizations.


+------------------------------------------------------+
; General Register Statistics                          ;
+----------------------------------------------+-------+
; Statistic                                    ; Value ;
+----------------------------------------------+-------+
; Total registers                              ; 0     ;
; Number of registers using Synchronous Clear  ; 0     ;
; Number of registers using Synchronous Load   ; 0     ;
; Number of registers using Asynchronous Clear ; 0     ;
; Number of registers using Asynchronous Load  ; 0     ;
; Number of registers using Clock Enable       ; 0     ;
; Number of registers using Preset             ; 0     ;
+----------------------------------------------+-------+


+-----------------------------------------------------+
; Post-Synthesis Netlist Statistics for Top Partition ;
+-----------------------+-----------------------------+
; Type                  ; Count                       ;
+-----------------------+-----------------------------+
; boundary_port         ; 11                          ;
; cycloneiii_lcell_comb ; 8                           ;
;     normal            ; 8                           ;
;         0 data inputs ; 1                           ;
;         3 data inputs ; 7                           ;
;                       ;                             ;
; Max LUT depth         ; 2.00                        ;
; Average LUT depth     ; 1.60                        ;
+-----------------------+-----------------------------+


+-------------------------------+
; Elapsed Time Per Partition    ;
+----------------+--------------+
; Partition Name ; Elapsed Time ;
+----------------+--------------+
; Top            ; 00:00:01     ;
+----------------+--------------+


+-------------------------------+
; Analysis & Synthesis Messages ;
+-------------------------------+
Info: *******************************************************************
Info: Running Quartus Prime Analysis & Synthesis
    Info: Version 18.1.0 Build 625 09/12/2018 SJ Lite Edition
    Info: Processing started: Tue Jun 25 16:01:40 2019
Info: Command: quartus_map --read_settings_files=on --write_settings_files=off Motion_Control_with_L298N -c Motion_Control_with_L298N
Warning (18236): Number of processors has not been specified which may cause overloading on shared machines.  Set the global assignment NUM_PARALLEL_PROCESSORS in your QSF to an appropriate value for best performance.
Info (20030): Parallel compilation is enabled and will use 2 of the 2 processors detected
Warning (12125): Using design file motion_control_with_l298n.v, which is not specified as a design file for the current project, but contains definitions for 2 design units and 2 entities in project
    Info (12023): Found entity 1: Motion_Control_with_L298N File: C:/Users/JASUS/Music/eYSIP/Fire Bird V DE0-Nano/Experiments/FPGA/5_Motion_Control_with_L298N/motion_control_with_l298n.v Line: 12
    Info (12023): Found entity 2: motor_pwm File: C:/Users/JASUS/Music/eYSIP/Fire Bird V DE0-Nano/Experiments/FPGA/5_Motion_Control_with_L298N/motion_control_with_l298n.v Line: 88
Info (12127): Elaborating entity "Motion_Control_with_L298N" for the top level hierarchy
Warning (10036): Verilog HDL or VHDL warning at motion_control_with_l298n.v(31): object "left_motor_duty_cycle" assigned a value but never read File: C:/Users/JASUS/Music/eYSIP/Fire Bird V DE0-Nano/Experiments/FPGA/5_Motion_Control_with_L298N/motion_control_with_l298n.v Line: 31
Warning (10036): Verilog HDL or VHDL warning at motion_control_with_l298n.v(32): object "right_motor_duty_cycle" assigned a value but never read File: C:/Users/JASUS/Music/eYSIP/Fire Bird V DE0-Nano/Experiments/FPGA/5_Motion_Control_with_L298N/motion_control_with_l298n.v Line: 32
Warning (10270): Verilog HDL Case Statement warning at motion_control_with_l298n.v(36): incomplete case statement has no default case item File: C:/Users/JASUS/Music/eYSIP/Fire Bird V DE0-Nano/Experiments/FPGA/5_Motion_Control_with_L298N/motion_control_with_l298n.v Line: 36
Warning (10240): Verilog HDL Always Construct warning at motion_control_with_l298n.v(34): inferring latch(es) for variable "motor_left_forward", which holds its previous value in one or more paths through the always construct File: C:/Users/JASUS/Music/eYSIP/Fire Bird V DE0-Nano/Experiments/FPGA/5_Motion_Control_with_L298N/motion_control_with_l298n.v Line: 34
Warning (10240): Verilog HDL Always Construct warning at motion_control_with_l298n.v(34): inferring latch(es) for variable "motor_left_backward", which holds its previous value in one or more paths through the always construct File: C:/Users/JASUS/Music/eYSIP/Fire Bird V DE0-Nano/Experiments/FPGA/5_Motion_Control_with_L298N/motion_control_with_l298n.v Line: 34
Warning (10240): Verilog HDL Always Construct warning at motion_control_with_l298n.v(34): inferring latch(es) for variable "motor_right_forward", which holds its previous value in one or more paths through the always construct File: C:/Users/JASUS/Music/eYSIP/Fire Bird V DE0-Nano/Experiments/FPGA/5_Motion_Control_with_L298N/motion_control_with_l298n.v Line: 34
Warning (10240): Verilog HDL Always Construct warning at motion_control_with_l298n.v(34): inferring latch(es) for variable "motor_right_backward", which holds its previous value in one or more paths through the always construct File: C:/Users/JASUS/Music/eYSIP/Fire Bird V DE0-Nano/Experiments/FPGA/5_Motion_Control_with_L298N/motion_control_with_l298n.v Line: 34
Warning (10034): Output port "motor_left_enable" at motion_control_with_l298n.v(18) has no driver File: C:/Users/JASUS/Music/eYSIP/Fire Bird V DE0-Nano/Experiments/FPGA/5_Motion_Control_with_L298N/motion_control_with_l298n.v Line: 18
Warning (10034): Output port "motor_right_enable" at motion_control_with_l298n.v(18) has no driver File: C:/Users/JASUS/Music/eYSIP/Fire Bird V DE0-Nano/Experiments/FPGA/5_Motion_Control_with_L298N/motion_control_with_l298n.v Line: 18
Info (10041): Inferred latch for "motor_right_backward" at motion_control_with_l298n.v(34) File: C:/Users/JASUS/Music/eYSIP/Fire Bird V DE0-Nano/Experiments/FPGA/5_Motion_Control_with_L298N/motion_control_with_l298n.v Line: 34
Info (10041): Inferred latch for "motor_right_forward" at motion_control_with_l298n.v(34) File: C:/Users/JASUS/Music/eYSIP/Fire Bird V DE0-Nano/Experiments/FPGA/5_Motion_Control_with_L298N/motion_control_with_l298n.v Line: 34
Info (10041): Inferred latch for "motor_left_backward" at motion_control_with_l298n.v(34) File: C:/Users/JASUS/Music/eYSIP/Fire Bird V DE0-Nano/Experiments/FPGA/5_Motion_Control_with_L298N/motion_control_with_l298n.v Line: 34
Info (10041): Inferred latch for "motor_left_forward" at motion_control_with_l298n.v(34) File: C:/Users/JASUS/Music/eYSIP/Fire Bird V DE0-Nano/Experiments/FPGA/5_Motion_Control_with_L298N/motion_control_with_l298n.v Line: 34
Warning (13012): Latch motor_left_forward$latch has unsafe behavior File: C:/Users/JASUS/Music/eYSIP/Fire Bird V DE0-Nano/Experiments/FPGA/5_Motion_Control_with_L298N/motion_control_with_l298n.v Line: 34
    Warning (13013): Ports D and ENA on the latch are fed by the same signal robot_direction[1] File: C:/Users/JASUS/Music/eYSIP/Fire Bird V DE0-Nano/Experiments/FPGA/5_Motion_Control_with_L298N/motion_control_with_l298n.v Line: 14
Warning (13012): Latch motor_left_backward$latch has unsafe behavior File: C:/Users/JASUS/Music/eYSIP/Fire Bird V DE0-Nano/Experiments/FPGA/5_Motion_Control_with_L298N/motion_control_with_l298n.v Line: 34
    Warning (13013): Ports D and ENA on the latch are fed by the same signal robot_direction[1] File: C:/Users/JASUS/Music/eYSIP/Fire Bird V DE0-Nano/Experiments/FPGA/5_Motion_Control_with_L298N/motion_control_with_l298n.v Line: 14
Warning (13012): Latch motor_right_forward$latch has unsafe behavior File: C:/Users/JASUS/Music/eYSIP/Fire Bird V DE0-Nano/Experiments/FPGA/5_Motion_Control_with_L298N/motion_control_with_l298n.v Line: 34
    Warning (13013): Ports D and ENA on the latch are fed by the same signal robot_direction[0] File: C:/Users/JASUS/Music/eYSIP/Fire Bird V DE0-Nano/Experiments/FPGA/5_Motion_Control_with_L298N/motion_control_with_l298n.v Line: 14
Warning (13012): Latch motor_right_backward$latch has unsafe behavior File: C:/Users/JASUS/Music/eYSIP/Fire Bird V DE0-Nano/Experiments/FPGA/5_Motion_Control_with_L298N/motion_control_with_l298n.v Line: 34
    Warning (13013): Ports D and ENA on the latch are fed by the same signal robot_direction[0] File: C:/Users/JASUS/Music/eYSIP/Fire Bird V DE0-Nano/Experiments/FPGA/5_Motion_Control_with_L298N/motion_control_with_l298n.v Line: 14
Warning (13024): Output pins are stuck at VCC or GND
    Warning (13410): Pin "motor_left_enable" is stuck at GND File: C:/Users/JASUS/Music/eYSIP/Fire Bird V DE0-Nano/Experiments/FPGA/5_Motion_Control_with_L298N/motion_control_with_l298n.v Line: 18
    Warning (13410): Pin "motor_right_enable" is stuck at GND File: C:/Users/JASUS/Music/eYSIP/Fire Bird V DE0-Nano/Experiments/FPGA/5_Motion_Control_with_L298N/motion_control_with_l298n.v Line: 18
Info (286030): Timing-Driven Synthesis is running
Info (16010): Generating hard_block partition "hard_block:auto_generated_inst"
    Info (16011): Adding 0 node(s), including 0 DDIO, 0 PLL, 0 transceiver and 0 LCELL
Warning (21074): Design contains 2 input pin(s) that do not drive logic
    Warning (15610): No output dependent on input pin "clock_in" File: C:/Users/JASUS/Music/eYSIP/Fire Bird V DE0-Nano/Experiments/FPGA/5_Motion_Control_with_L298N/motion_control_with_l298n.v Line: 13
    Warning (15610): No output dependent on input pin "reset" File: C:/Users/JASUS/Music/eYSIP/Fire Bird V DE0-Nano/Experiments/FPGA/5_Motion_Control_with_L298N/motion_control_with_l298n.v Line: 13
Info (21057): Implemented 18 device resources after synthesis - the final resource count might be different
    Info (21058): Implemented 5 input pins
    Info (21059): Implemented 6 output pins
    Info (21061): Implemented 7 logic cells
Info: Quartus Prime Analysis & Synthesis was successful. 0 errors, 26 warnings
    Info: Peak virtual memory: 4755 megabytes
    Info: Processing ended: Tue Jun 25 16:02:01 2019
    Info: Elapsed time: 00:00:21
    Info: Total CPU time (on all processors): 00:00:40


