12:17:13 **** Incremental Build of configuration Nios II for project matrix_mul ****
make all 
Info: Building ../matrix_mul_bsp/
C:/intelFPGA_lite/18.1/nios2eds/bin/gnu/H-x86_64-mingw32/bin/make --no-print-directory -C ../matrix_mul_bsp/
[BSP build complete]
Info: Compiling matrix_multiplication.c to obj/default/matrix_multiplication.o
nios2-elf-gcc -xc -MP -MMD -c -I../matrix_mul_bsp//HAL/inc -I../matrix_mul_bsp/ -I../matrix_mul_bsp//drivers/inc  -pipe -D__hal__ -DALT_NO_INSTRUCTION_EMULATION -DALT_SINGLE_THREADED    -O0 -g -Wall   -mno-hw-div -mno-hw-mul -mno-hw-mulx -mgpopt=global  -o obj/default/matrix_multiplication.o matrix_multiplication.c
matrix_multiplication.c: In function 'main':
matrix_multiplication.c:33:34: warning: variable 'mat_c' set but not used [-Wunused-but-set-variable]
    int mat_a[3][3], mat_b[3][3], mat_c[3][3];
                                  ^
Info: Linking matrix_mul.elf
nios2-elf-g++  -T'../matrix_mul_bsp//linker.x' -msys-crt0='../matrix_mul_bsp//obj/HAL/src/crt0.o' -msys-lib=hal_bsp -L../matrix_mul_bsp/   -Wl,-Map=matrix_mul.map   -O0 -g -Wall   -mno-hw-div -mno-hw-mul -mno-hw-mulx -mgpopt=global  -o matrix_mul.elf obj/default/matrix_multiplication.o -lm -msys-lib=m
c:/intelfpga_lite/18.1/nios2eds/bin/gnu/h-x86_64-mingw32/bin/../lib/gcc/nios2-elf/5.3.0/../../../../../H-x86_64-mingw32/nios2-elf/bin/ld.exe: matrix_mul.elf section `.text' will not fit in region `onchip_memory2_0'
c:/intelfpga_lite/18.1/nios2eds/bin/gnu/h-x86_64-mingw32/bin/../lib/gcc/nios2-elf/5.3.0/../../../../../H-x86_64-mingw32/nios2-elf/bin/ld.exe: address 0x29ab0 of matrix_mul.elf section `.rwdata' is not within region `onchip_memory2_0'
c:/intelfpga_lite/18.1/nios2eds/bin/gnu/h-x86_64-mingw32/bin/../lib/gcc/nios2-elf/5.3.0/../../../../../H-x86_64-mingw32/nios2-elf/bin/ld.exe: address 0x2a758 of matrix_mul.elf section `.bss' is not within region `onchip_memory2_0'
c:/intelfpga_lite/18.1/nios2eds/bin/gnu/h-x86_64-mingw32/bin/../lib/gcc/nios2-elf/5.3.0/../../../../../H-x86_64-mingw32/nios2-elf/bin/ld.exe: address 0x29ab0 of matrix_mul.elf section `.rwdata' is not within region `onchip_memory2_0'
c:/intelfpga_lite/18.1/nios2eds/bin/gnu/h-x86_64-mingw32/bin/../lib/gcc/nios2-elf/5.3.0/../../../../../H-x86_64-mingw32/nios2-elf/bin/ld.exe: address 0x2a758 of matrix_mul.elf section `.bss' is not within region `onchip_memory2_0'
c:/intelfpga_lite/18.1/nios2eds/bin/gnu/h-x86_64-mingw32/bin/../lib/gcc/nios2-elf/5.3.0/../../../../../H-x86_64-mingw32/nios2-elf/bin/ld.exe: region `onchip_memory2_0' overflowed by 75608 bytes
collect2.exe: error: ld returned 1 exit status
make: *** [matrix_mul.elf] Error 1

12:17:15 Build Finished (took 2s.100ms)

