Flow report for ws2lcd
Sat Jun 22 16:26:57 2019
Quartus Prime Version 18.1.0 Build 625 09/12/2018 SJ Lite Edition


---------------------
; Table of Contents ;
---------------------
  1. Legal Notice
  2. Flow Summary
  3. Flow Settings
  4. Flow Non-Default Global Settings
  5. Flow Elapsed Time
  6. Flow OS Summary
  7. Flow Log
  8. Flow Messages
  9. Flow Suppressed Messages



----------------
; Legal Notice ;
----------------
Copyright (C) 2018  Intel Corporation. All rights reserved.
Your use of Intel Corporation's design tools, logic functions 
and other software and tools, and its AMPP partner logic 
functions, and any output files from any of the foregoing 
(including device programming or simulation files), and any 
associated documentation or information are expressly subject 
to the terms and conditions of the Intel Program License 
Subscription Agreement, the Intel Quartus Prime License Agreement,
the Intel FPGA IP License Agreement, or other applicable license
agreement, including, without limitation, that your use is for
the sole purpose of programming logic devices manufactured by
Intel and sold by Intel or its authorized distributors.  Please
refer to the applicable agreement for further details.



+----------------------------------------------------------------------------------+
; Flow Summary                                                                     ;
+------------------------------------+---------------------------------------------+
; Flow Status                        ; Successful - Sat Jun 22 16:26:56 2019       ;
; Quartus Prime Version              ; 18.1.0 Build 625 09/12/2018 SJ Lite Edition ;
; Revision Name                      ; ws2lcd                                      ;
; Top-level Entity Name              ; ws2lcd                                      ;
; Family                             ; Cyclone IV E                                ;
; Device                             ; EP4CE22F17C6                                ;
; Timing Models                      ; Final                                       ;
; Total logic elements               ; 1,724 / 22,320 ( 8 % )                      ;
;     Total combinational functions  ; 1,714 / 22,320 ( 8 % )                      ;
;     Dedicated logic registers      ; 133 / 22,320 ( < 1 % )                      ;
; Total registers                    ; 133                                         ;
; Total pins                         ; 19 / 154 ( 12 % )                           ;
; Total virtual pins                 ; 0                                           ;
; Total memory bits                  ; 0 / 608,256 ( 0 % )                         ;
; Embedded Multiplier 9-bit elements ; 0 / 132 ( 0 % )                             ;
; Total PLLs                         ; 0 / 4 ( 0 % )                               ;
+------------------------------------+---------------------------------------------+


+-----------------------------------------+
; Flow Settings                           ;
+-------------------+---------------------+
; Option            ; Setting             ;
+-------------------+---------------------+
; Start date & time ; 06/22/2019 16:25:41 ;
; Main task         ; Compilation         ;
; Revision Name     ; ws2lcd              ;
+-------------------+---------------------+


+------------------------------------------------------------------------------------------------------------------------------+
; Flow Non-Default Global Settings                                                                                             ;
+--------------------------------------+----------------------------------------+---------------+-------------+----------------+
; Assignment Name                      ; Value                                  ; Default Value ; Entity Name ; Section Id     ;
+--------------------------------------+----------------------------------------+---------------+-------------+----------------+
; COMPILER_SIGNATURE_ID                ; 123745744900737.156120094006924        ; --            ; --          ; --             ;
; EDA_ENABLE_GLITCH_FILTERING          ; On                                     ; --            ; --          ; eda_simulation ;
; EDA_GENERATE_FUNCTIONAL_NETLIST      ; On                                     ; --            ; --          ; eda_simulation ;
; EDA_MAP_ILLEGAL_CHARACTERS           ; On                                     ; --            ; --          ; eda_simulation ;
; EDA_OUTPUT_DATA_FORMAT               ; Verilog Hdl                            ; --            ; --          ; eda_simulation ;
; EDA_SIMULATION_TOOL                  ; ModelSim-Altera (Verilog)              ; <None>        ; --          ; --             ;
; EDA_TEST_BENCH_DESIGN_INSTANCE_NAME  ; DUT                                    ; --            ; --          ; eda_simulation ;
; EDA_TIME_SCALE                       ; 1 ps                                   ; --            ; --          ; eda_simulation ;
; EDA_WRITE_NODES_FOR_POWER_ESTIMATION ; ALL_NODES                              ; --            ; --          ; eda_simulation ;
; MAX_CORE_JUNCTION_TEMP               ; 85                                     ; --            ; --          ; --             ;
; MIN_CORE_JUNCTION_TEMP               ; 0                                      ; --            ; --          ; --             ;
; OUTPUT_IO_TIMING_FAR_END_VMEAS       ; Half Signal Swing                      ; --            ; --          ; --             ;
; OUTPUT_IO_TIMING_FAR_END_VMEAS       ; Half Signal Swing                      ; --            ; --          ; --             ;
; OUTPUT_IO_TIMING_NEAR_END_VMEAS      ; Half Vccio                             ; --            ; --          ; --             ;
; OUTPUT_IO_TIMING_NEAR_END_VMEAS      ; Half Vccio                             ; --            ; --          ; --             ;
; PARTITION_COLOR                      ; -- (Not supported for targeted family) ; --            ; --          ; Top            ;
; PARTITION_FITTER_PRESERVATION_LEVEL  ; -- (Not supported for targeted family) ; --            ; --          ; Top            ;
; PARTITION_NETLIST_TYPE               ; -- (Not supported for targeted family) ; --            ; --          ; Top            ;
; POWER_BOARD_THERMAL_MODEL            ; None (CONSERVATIVE)                    ; --            ; --          ; --             ;
; POWER_PRESET_COOLING_SOLUTION        ; 23 MM HEAT SINK WITH 200 LFPM AIRFLOW  ; --            ; --          ; --             ;
; PROJECT_OUTPUT_DIRECTORY             ; output_files                           ; --            ; --          ; --             ;
+--------------------------------------+----------------------------------------+---------------+-------------+----------------+


+--------------------------------------------------------------------------------------------------------------------------+
; Flow Elapsed Time                                                                                                        ;
+----------------------+--------------+-------------------------+---------------------+------------------------------------+
; Module Name          ; Elapsed Time ; Average Processors Used ; Peak Virtual Memory ; Total CPU Time (on all processors) ;
+----------------------+--------------+-------------------------+---------------------+------------------------------------+
; Analysis & Synthesis ; 00:00:23     ; 1.0                     ; 4775 MB             ; 00:00:44                           ;
; Fitter               ; 00:00:19     ; 1.0                     ; 5312 MB             ; 00:00:24                           ;
; Assembler            ; 00:00:04     ; 1.0                     ; 4684 MB             ; 00:00:02                           ;
; Timing Analyzer      ; 00:00:15     ; 1.1                     ; 4790 MB             ; 00:00:09                           ;
; EDA Netlist Writer   ; 00:00:04     ; 1.0                     ; 4650 MB             ; 00:00:04                           ;
; Total                ; 00:01:05     ; --                      ; --                  ; 00:01:23                           ;
+----------------------+--------------+-------------------------+---------------------+------------------------------------+


+------------------------------------------------------------------------------------+
; Flow OS Summary                                                                    ;
+----------------------+------------------+------------+------------+----------------+
; Module Name          ; Machine Hostname ; OS Name    ; OS Version ; Processor type ;
+----------------------+------------------+------------+------------+----------------+
; Analysis & Synthesis ; DESKTOP-IB2AP5C  ; Windows 10 ; 10.0       ; x86_64         ;
; Fitter               ; DESKTOP-IB2AP5C  ; Windows 10 ; 10.0       ; x86_64         ;
; Assembler            ; DESKTOP-IB2AP5C  ; Windows 10 ; 10.0       ; x86_64         ;
; Timing Analyzer      ; DESKTOP-IB2AP5C  ; Windows 10 ; 10.0       ; x86_64         ;
; EDA Netlist Writer   ; DESKTOP-IB2AP5C  ; Windows 10 ; 10.0       ; x86_64         ;
+----------------------+------------------+------------+------------+----------------+


------------
; Flow Log ;
------------
quartus_map --read_settings_files=on --write_settings_files=off ws2lcd -c ws2lcd
quartus_fit --read_settings_files=off --write_settings_files=off ws2lcd -c ws2lcd
quartus_asm --read_settings_files=off --write_settings_files=off ws2lcd -c ws2lcd
quartus_sta ws2lcd -c ws2lcd
quartus_eda --read_settings_files=off --write_settings_files=off ws2lcd -c ws2lcd



